<?xml version="1.0" encoding="UTF-8"?>
<testng-results skipped="0" failed="0" total="1" passed="1">
  <reporter-output>
  </reporter-output>
  <suite name="executions" duration-ms="45" started-at="2016-08-13T08:45:36Z" finished-at="2016-08-13T08:45:36Z">
    <groups>
    </groups>
    <test name="Test" duration-ms="45" started-at="2016-08-13T08:45:36Z" finished-at="2016-08-13T08:45:36Z">
      <class name="code.TEST1">
        <test-method status="PASS" signature="setup()[pri:0, instance:code.TEST1@7d299b]" name="setup" is-config="true" duration-ms="16" started-at="2016-08-13T14:15:36Z" finished-at="2016-08-13T14:15:36Z">
          <reporter-output>
          </reporter-output>
        </test-method> <!-- setup -->
        <test-method status="PASS" signature="test()[pri:0, instance:code.TEST1@7d299b]" name="test" duration-ms="0" started-at="2016-08-13T14:15:36Z" finished-at="2016-08-13T14:15:36Z">
          <reporter-output>
          </reporter-output>
        </test-method> <!-- test -->
        <test-method status="PASS" signature="teardown()[pri:0, instance:code.TEST1@7d299b]" name="teardown" is-config="true" duration-ms="0" started-at="2016-08-13T14:15:36Z" finished-at="2016-08-13T14:15:36Z">
          <reporter-output>
          </reporter-output>
        </test-method> <!-- teardown -->
      </class> <!-- code.TEST1 -->
    </test> <!-- Test -->
  </suite> <!-- executions -->
</testng-results>
